<?xml version="1.0" encoding="UTF-8"?>
<!-- Generated by org.testng.reporters.JUnitXMLReporter -->
<testsuite ignored="0" hostname="LAPTOP-UC9MFUO7" failures="0" tests="4" name="FireFox(failed)(failed)(failed)" time="0.117" errors="0" timestamp="2022-09-17T02:00:16 IST">
  <testcase classname="tempTestPack.OpenAbeBookANdCheckBottons" name="@BeforeTest launchBrowser" time="0.014">
    <failure type="java.lang.NullPointerException" message="Cannot invoke &amp;quot;org.openqa.selenium.WebDriver.manage()&amp;quot; because &amp;quot;this.driver&amp;quot; is null">
      <![CDATA[java.lang.NullPointerException: Cannot invoke "org.openqa.selenium.WebDriver.manage()" because "this.driver" is null
at tempTestPack.OpenAbeBookANdCheckBottons.launchBrowser(OpenAbeBookANdCheckBottons.java:46)
... Removed 22 stack frames]]>
    </failure>
  </testcase> <!-- @BeforeTest launchBrowser -->
  <testcase classname="tempTestPack.TestSciencePage" name="@BeforeTest launchBrowser" time="-1.663360216162E9">
    <skipped/>
  </testcase> <!-- @BeforeTest launchBrowser -->
  <testcase classname="tempTestPack.TestSciencePage" name="@BeforeClass createPOMObject" time="-1.663360216184E9">
    <skipped/>
  </testcase> <!-- @BeforeClass createPOMObject -->
  <testcase classname="tempTestPack.OpenAbeBookANdCheckBottons" name="@BeforeClass createPOMObject" time="-1.663360216184E9">
    <skipped/>
  </testcase> <!-- @BeforeClass createPOMObject -->
  <testcase classname="tempTestPack.TestSciencePage" name="@BeforeMethod openAmazoneScienceAndReasearchAreaPage" time="-1.6633602162E9">
    <skipped/>
  </testcase> <!-- @BeforeMethod openAmazoneScienceAndReasearchAreaPage -->
  <testcase classname="tempTestPack.OpenAbeBookANdCheckBottons" name="@BeforeMethod openShopArtBooksCollection" time="-1.663360216205E9">
    <skipped/>
  </testcase> <!-- @BeforeMethod openShopArtBooksCollection -->
  <testcase classname="tempTestPack.TestSciencePage" name="@AfterMethod logOutFromApp" time="-1.663360216212E9">
    <skipped/>
  </testcase> <!-- @AfterMethod logOutFromApp -->
  <testcase classname="tempTestPack.TestSciencePage" name="@BeforeMethod openAmazoneScienceAndReasearchAreaPage" time="-1.663360216216E9">
    <skipped/>
  </testcase> <!-- @BeforeMethod openAmazoneScienceAndReasearchAreaPage -->
  <testcase classname="tempTestPack.OpenAbeBookANdCheckBottons" name="@AfterMethod logOutFromApp" time="-1.66336021622E9">
    <skipped/>
  </testcase> <!-- @AfterMethod logOutFromApp -->
  <testcase classname="tempTestPack.OpenAbeBookANdCheckBottons" name="@BeforeMethod openShopArtBooksCollection" time="-1.663360216222E9">
    <skipped/>
  </testcase> <!-- @BeforeMethod openShopArtBooksCollection -->
  <testcase classname="tempTestPack.TestSciencePage" name="@AfterMethod logOutFromApp" time="-1.66336021623E9">
    <skipped/>
  </testcase> <!-- @AfterMethod logOutFromApp -->
  <testcase classname="tempTestPack.TestSciencePage" name="@AfterClass cleanPOMOObject" time="-1.663360216233E9">
    <skipped/>
  </testcase> <!-- @AfterClass cleanPOMOObject -->
  <testcase classname="tempTestPack.OpenAbeBookANdCheckBottons" name="@AfterMethod logOutFromApp" time="-1.663360216237E9">
    <skipped/>
  </testcase> <!-- @AfterMethod logOutFromApp -->
  <testcase classname="tempTestPack.OpenAbeBookANdCheckBottons" name="@AfterClass cleanPOMObject" time="-1.663360216239E9">
    <skipped/>
  </testcase> <!-- @AfterClass cleanPOMObject -->
  <testcase classname="tempTestPack.OpenAbeBookANdCheckBottons" name="@AfterTest closedBrowser" time="-1.663360216245E9">
    <skipped/>
  </testcase> <!-- @AfterTest closedBrowser -->
  <testcase classname="tempTestPack.TestSciencePage" name="@AfterTest closedBrowser" time="-1.663360216247E9">
    <skipped/>
  </testcase> <!-- @AfterTest closedBrowser -->
  <testcase classname="tempTestPack.TestSciencePage" name="verifyDmodelingButton" time="0.0">
    <skipped/>
  </testcase> <!-- verifyDmodelingButton -->
  <testcase classname="tempTestPack.OpenAbeBookANdCheckBottons" name="verifyAdvancedSearchButton" time="0.0">
    <skipped/>
  </testcase> <!-- verifyAdvancedSearchButton -->
  <testcase classname="tempTestPack.TestSciencePage" name="verifyAmazonRekognitionButton" time="0.0">
    <skipped/>
  </testcase> <!-- verifyAmazonRekognitionButton -->
  <testcase classname="tempTestPack.OpenAbeBookANdCheckBottons" name="verifyRareBooksButton" time="0.0">
    <skipped/>
  </testcase> <!-- verifyRareBooksButton -->
</testsuite> <!-- FireFox(failed)(failed)(failed) -->
