<?xml version="1.0" encoding="UTF-8"?>
<!-- Generated by org.testng.reporters.JUnitXMLReporter -->
<testsuite ignored="0" hostname="LAPTOP-UC9MFUO7" failures="0" tests="4" name="FirefoxTest" time="88.849" errors="0" timestamp="2022-09-17T02:13:44 IST">
  <testcase classname="tempTestPack.OpenAbeBookANdCheckBottons" name="@BeforeMethod openShopArtBooksCollection" time="81.938">
    <failure type="org.openqa.selenium.NoSuchWindowException" message="Browsing context has been discarded
Build info: version: &amp;apos;3.141.59&amp;apos;, revision: &amp;apos;e82be7d358&amp;apos;, time: &amp;apos;2018-11-14T08:17:03&amp;apos;
System info: host: &amp;apos;LAPTOP-UC9MFUO7&amp;apos;, ip: &amp;apos;192.168.1.2&amp;apos;, os.name: &amp;apos;Windows 11&amp;apos;, os.arch: &amp;apos;amd64&amp;apos;, os.version: &amp;apos;10.0&amp;apos;, java.version: &amp;apos;18.0.1&amp;apos;
Driver info: org.openqa.selenium.firefox.FirefoxDriver
Capabilities {acceptInsecureCerts: true, browserName: firefox, browserVersion: 104.0.2, javascriptEnabled: true, moz:accessibilityChecks: false, moz:buildID: 20220902153754, moz:geckodriverVersion: 0.31.0, moz:headless: false, moz:platformVersion: 10.0, moz:processID: 32064, moz:profile: C:\Users\enggb\AppData\Loca..., moz:shutdownTimeout: 60000, moz:useNonSpecCompliantPointerOrigin: false, moz:webdriverClick: true, moz:windowless: false, pageLoadStrategy: normal, platform: WINDOWS, platformName: WINDOWS, proxy: Proxy(), setWindowRect: true, strictFileInteractability: false, timeouts: {implicit: 0, pageLoad: 300000, script: 30000}, unhandledPromptBehavior: dismiss and notify}
Session ID: 43d88e92-239b-4999-97ce-e0287f2adeaa
*** Element info: {Using=xpath, value=//a[contains(@href,&amp;apos;https://www.abebooks.&amp;apos;)]}">
      <![CDATA[org.openqa.selenium.NoSuchWindowException: Browsing context has been discarded
Build info: version: '3.141.59', revision: 'e82be7d358', time: '2018-11-14T08:17:03'
System info: host: 'LAPTOP-UC9MFUO7', ip: '192.168.1.2', os.name: 'Windows 11', os.arch: 'amd64', os.version: '10.0', java.version: '18.0.1'
Driver info: org.openqa.selenium.firefox.FirefoxDriver
Capabilities {acceptInsecureCerts: true, browserName: firefox, browserVersion: 104.0.2, javascriptEnabled: true, moz:accessibilityChecks: false, moz:buildID: 20220902153754, moz:geckodriverVersion: 0.31.0, moz:headless: false, moz:platformVersion: 10.0, moz:processID: 32064, moz:profile: C:\Users\enggb\AppData\Loca..., moz:shutdownTimeout: 60000, moz:useNonSpecCompliantPointerOrigin: false, moz:webdriverClick: true, moz:windowless: false, pageLoadStrategy: normal, platform: WINDOWS, platformName: WINDOWS, proxy: Proxy(), setWindowRect: true, strictFileInteractability: false, timeouts: {implicit: 0, pageLoad: 300000, script: 30000}, unhandledPromptBehavior: dismiss and notify}
Session ID: 43d88e92-239b-4999-97ce-e0287f2adeaa
*** Element info: {Using=xpath, value=//a[contains(@href,'https://www.abebooks.')]}
at org.openqa.selenium.remote.http.W3CHttpResponseCodec.createException(W3CHttpResponseCodec.java:187)
at org.openqa.selenium.remote.http.W3CHttpResponseCodec.decode(W3CHttpResponseCodec.java:122)
at org.openqa.selenium.remote.http.W3CHttpResponseCodec.decode(W3CHttpResponseCodec.java:49)
at org.openqa.selenium.remote.HttpCommandExecutor.execute(HttpCommandExecutor.java:158)
at org.openqa.selenium.remote.service.DriverCommandExecutor.execute(DriverCommandExecutor.java:83)
at org.openqa.selenium.remote.RemoteWebDriver.execute(RemoteWebDriver.java:552)
at org.openqa.selenium.remote.RemoteWebDriver.findElement(RemoteWebDriver.java:323)
at org.openqa.selenium.remote.RemoteWebDriver.findElementByXPath(RemoteWebDriver.java:428)
at org.openqa.selenium.By$ByXPath.findElement(By.java:353)
at org.openqa.selenium.remote.RemoteWebDriver.findElement(RemoteWebDriver.java:315)
at org.openqa.selenium.support.pagefactory.DefaultElementLocator.findElement(DefaultElementLocator.java:69)
at org.openqa.selenium.support.pagefactory.internal.LocatingElementHandler.invoke(LocatingElementHandler.java:38)
at jdk.proxy2/jdk.proxy2.$Proxy17.click(Unknown Source)
at pages.LoginpageOrSignUP.openAbeBooks(LoginpageOrSignUP.java:68)
at tempTestPack.OpenAbeBookANdCheckBottons.openShopArtBooksCollection(OpenAbeBookANdCheckBottons.java:62)
at java.base/java.util.concurrent.ThreadPoolExecutor.runWorker(ThreadPoolExecutor.java:1136)
at java.base/java.util.concurrent.ThreadPoolExecutor$Worker.run(ThreadPoolExecutor.java:635)
at java.base/java.lang.Thread.run(Thread.java:833)
... Removed 17 stack frames]]>
    </failure>
  </testcase> <!-- @BeforeMethod openShopArtBooksCollection -->
  <testcase classname="tempTestPack.OpenAbeBookANdCheckBottons" name="@AfterMethod logOutFromApp" time="-1.66336102238E9">
    <skipped/>
  </testcase> <!-- @AfterMethod logOutFromApp -->
  <testcase classname="tempTestPack.OpenAbeBookANdCheckBottons" name="@BeforeMethod openShopArtBooksCollection" time="-1.663361022382E9">
    <skipped/>
  </testcase> <!-- @BeforeMethod openShopArtBooksCollection -->
  <testcase classname="tempTestPack.OpenAbeBookANdCheckBottons" name="@AfterMethod logOutFromApp" time="-1.663361022386E9">
    <skipped/>
  </testcase> <!-- @AfterMethod logOutFromApp -->
  <testcase classname="tempTestPack.OpenAbeBookANdCheckBottons" name="@AfterClass cleanPOMObject" time="-1.663361022387E9">
    <skipped/>
  </testcase> <!-- @AfterClass cleanPOMObject -->
  <testcase classname="tempTestPack.TestSciencePage" name="@BeforeMethod openAmazoneScienceAndReasearchAreaPage" time="83.63">
    <failure type="org.openqa.selenium.NoSuchWindowException" message="Browsing context has been discarded
Build info: version: &amp;apos;3.141.59&amp;apos;, revision: &amp;apos;e82be7d358&amp;apos;, time: &amp;apos;2018-11-14T08:17:03&amp;apos;
System info: host: &amp;apos;LAPTOP-UC9MFUO7&amp;apos;, ip: &amp;apos;192.168.1.2&amp;apos;, os.name: &amp;apos;Windows 11&amp;apos;, os.arch: &amp;apos;amd64&amp;apos;, os.version: &amp;apos;10.0&amp;apos;, java.version: &amp;apos;18.0.1&amp;apos;
Driver info: org.openqa.selenium.firefox.FirefoxDriver
Capabilities {acceptInsecureCerts: true, browserName: firefox, browserVersion: 104.0.2, javascriptEnabled: true, moz:accessibilityChecks: false, moz:buildID: 20220902153754, moz:geckodriverVersion: 0.31.0, moz:headless: false, moz:platformVersion: 10.0, moz:processID: 30604, moz:profile: C:\Users\enggb\AppData\Loca..., moz:shutdownTimeout: 60000, moz:useNonSpecCompliantPointerOrigin: false, moz:webdriverClick: true, moz:windowless: false, pageLoadStrategy: normal, platform: WINDOWS, platformName: WINDOWS, proxy: Proxy(), setWindowRect: true, strictFileInteractability: false, timeouts: {implicit: 0, pageLoad: 300000, script: 30000}, unhandledPromptBehavior: dismiss and notify}
Session ID: 885d6308-698e-4281-af44-46e77e3ef7a0
*** Element info: {Using=xpath, value=//a[text()=&amp;apos;Amazon Science&amp;apos;]}">
      <![CDATA[org.openqa.selenium.NoSuchWindowException: Browsing context has been discarded
Build info: version: '3.141.59', revision: 'e82be7d358', time: '2018-11-14T08:17:03'
System info: host: 'LAPTOP-UC9MFUO7', ip: '192.168.1.2', os.name: 'Windows 11', os.arch: 'amd64', os.version: '10.0', java.version: '18.0.1'
Driver info: org.openqa.selenium.firefox.FirefoxDriver
Capabilities {acceptInsecureCerts: true, browserName: firefox, browserVersion: 104.0.2, javascriptEnabled: true, moz:accessibilityChecks: false, moz:buildID: 20220902153754, moz:geckodriverVersion: 0.31.0, moz:headless: false, moz:platformVersion: 10.0, moz:processID: 30604, moz:profile: C:\Users\enggb\AppData\Loca..., moz:shutdownTimeout: 60000, moz:useNonSpecCompliantPointerOrigin: false, moz:webdriverClick: true, moz:windowless: false, pageLoadStrategy: normal, platform: WINDOWS, platformName: WINDOWS, proxy: Proxy(), setWindowRect: true, strictFileInteractability: false, timeouts: {implicit: 0, pageLoad: 300000, script: 30000}, unhandledPromptBehavior: dismiss and notify}
Session ID: 885d6308-698e-4281-af44-46e77e3ef7a0
*** Element info: {Using=xpath, value=//a[text()='Amazon Science']}
at org.openqa.selenium.remote.http.W3CHttpResponseCodec.createException(W3CHttpResponseCodec.java:187)
at org.openqa.selenium.remote.http.W3CHttpResponseCodec.decode(W3CHttpResponseCodec.java:122)
at org.openqa.selenium.remote.http.W3CHttpResponseCodec.decode(W3CHttpResponseCodec.java:49)
at org.openqa.selenium.remote.HttpCommandExecutor.execute(HttpCommandExecutor.java:158)
at org.openqa.selenium.remote.service.DriverCommandExecutor.execute(DriverCommandExecutor.java:83)
at org.openqa.selenium.remote.RemoteWebDriver.execute(RemoteWebDriver.java:552)
at org.openqa.selenium.remote.RemoteWebDriver.findElement(RemoteWebDriver.java:323)
at org.openqa.selenium.remote.RemoteWebDriver.findElementByXPath(RemoteWebDriver.java:428)
at org.openqa.selenium.By$ByXPath.findElement(By.java:353)
at org.openqa.selenium.remote.RemoteWebDriver.findElement(RemoteWebDriver.java:315)
at org.openqa.selenium.support.pagefactory.DefaultElementLocator.findElement(DefaultElementLocator.java:69)
at org.openqa.selenium.support.pagefactory.internal.LocatingElementHandler.invoke(LocatingElementHandler.java:38)
at jdk.proxy2/jdk.proxy2.$Proxy17.click(Unknown Source)
at pages.LoginpageOrSignUP.openAmazonScience(LoginpageOrSignUP.java:59)
at tempTestPack.TestSciencePage.openAmazoneScienceAndReasearchAreaPage(TestSciencePage.java:68)
at java.base/java.util.concurrent.ThreadPoolExecutor.runWorker(ThreadPoolExecutor.java:1136)
at java.base/java.util.concurrent.ThreadPoolExecutor$Worker.run(ThreadPoolExecutor.java:635)
at java.base/java.lang.Thread.run(Thread.java:833)
... Removed 17 stack frames]]>
    </failure>
  </testcase> <!-- @BeforeMethod openAmazoneScienceAndReasearchAreaPage -->
  <testcase classname="tempTestPack.TestSciencePage" name="@AfterMethod logOutFromApp" time="-1.663361024069E9">
    <skipped/>
  </testcase> <!-- @AfterMethod logOutFromApp -->
  <testcase classname="tempTestPack.TestSciencePage" name="@BeforeMethod openAmazoneScienceAndReasearchAreaPage" time="-1.66336102407E9">
    <skipped/>
  </testcase> <!-- @BeforeMethod openAmazoneScienceAndReasearchAreaPage -->
  <testcase classname="tempTestPack.TestSciencePage" name="@AfterMethod logOutFromApp" time="-1.663361024074E9">
    <skipped/>
  </testcase> <!-- @AfterMethod logOutFromApp -->
  <testcase classname="tempTestPack.TestSciencePage" name="@AfterClass cleanPOMOObject" time="-1.663361024076E9">
    <skipped/>
  </testcase> <!-- @AfterClass cleanPOMOObject -->
  <testcase classname="tempTestPack.OpenAbeBookANdCheckBottons" name="@AfterTest closedBrowser" time="-1.663361024077E9">
    <skipped/>
  </testcase> <!-- @AfterTest closedBrowser -->
  <testcase classname="tempTestPack.TestSciencePage" name="@AfterTest closedBrowser" time="-1.66336102408E9">
    <skipped/>
  </testcase> <!-- @AfterTest closedBrowser -->
  <testcase classname="tempTestPack.OpenAbeBookANdCheckBottons" name="verifyAdvancedSearchButton" time="0.0">
    <skipped/>
  </testcase> <!-- verifyAdvancedSearchButton -->
  <testcase classname="tempTestPack.OpenAbeBookANdCheckBottons" name="verifyRareBooksButton" time="0.0">
    <skipped/>
  </testcase> <!-- verifyRareBooksButton -->
  <testcase classname="tempTestPack.TestSciencePage" name="verifyAmazonRekognitionButton" time="0.0">
    <skipped/>
  </testcase> <!-- verifyAmazonRekognitionButton -->
  <testcase classname="tempTestPack.TestSciencePage" name="verifyDmodelingButton" time="0.0">
    <skipped/>
  </testcase> <!-- verifyDmodelingButton -->
</testsuite> <!-- FirefoxTest -->
