<?xml version="1.0" encoding="UTF-8"?>
<!-- Generated by org.testng.reporters.JUnitXMLReporter -->
<testsuite ignored="0" hostname="LAPTOP-UC9MFUO7" failures="0" tests="4" name="ChromeBrowser" time="38.921" errors="0" timestamp="2022-09-15T16:24:21 IST">
  <testcase classname="tempTestPack.OpenAbeBookANdCheckBottons" name="verifyAdvancedSearchButton" time="2.082"/>
  <testcase classname="tempTestPack.OpenAbeBookANdCheckBottons" name="verifyRareBooksButton" time="2.347"/>
  <testcase classname="tempTestPack.TestSciencePage" name="verifyAmazonRekognitionButton" time="1.79"/>
  <testcase classname="tempTestPack.TestSciencePage" name="verifyDmodelingButton" time="4.155"/>
</testsuite> <!-- ChromeBrowser -->
