<?xml version="1.0" encoding="UTF-8"?>
<!-- Generated by org.testng.reporters.JUnitXMLReporter -->
<testsuite ignored="1" hostname="LAPTOP-UC9MFUO7" failures="0" tests="3" name="Test" time="21.872" errors="0" timestamp="2022-09-15T00:04:26 IST">
  <testcase classname="tempTestPack.OpenAbeBookANdCheckBottons" name="verifyAdvancedSearchButton" time="2.154"/>
  <testcase classname="tempTestPack.OpenAbeBookANdCheckBottons" name="verifyRareBooksButton" time="1.26"/>
  <testcase classname="tempTestPack.TestSciencePage" name="verifyAmazonRekognitionButton" time="0.324"/>
  <testcase classname="tempTestPack.TestSciencePage" name="verifyDmodelingButton" time="0.0">
    <ignored/>
  </testcase> <!-- verifyDmodelingButton -->
</testsuite> <!-- Test -->
